build/app/intermediates/manifest_merge_blame_file/debug/manifest-merger-blame-debug-report.txt
1<?xml version="1.0" encoding="utf-8"?>
2<manifest xmlns:android="http://schemas.android.com/apk/res/android"
3    package="com.beya.testing"
4    android:versionCode="1"
5    android:versionName="1.0.0" >
6
7    <uses-sdk
8        android:minSdkVersion="21"
9        android:targetSdkVersion="33" />
10    <!--
11         The INTERNET permission is required for development. Specifically,
12         the Flutter tool needs it to communicate with the running application
13         to allow setting breakpoints, to provide hot reload, etc.
14    -->
15    <uses-permission android:name="android.permission.INTERNET" />
15-->src/debug/AndroidManifest.xml:7:5-66
15-->src/debug/AndroidManifest.xml:7:22-64
16    <uses-permission android:name="android.permission.READ_EXTERNAL_STORAGE" />
16-->[:file_picker] AndroidManifest.xml:9:5-80
16-->[:file_picker] AndroidManifest.xml:9:22-77
17
18    <queries>
18-->[:file_picker] AndroidManifest.xml:11:5-17:15
19        <intent>
19-->[:file_picker] AndroidManifest.xml:12:9-16:18
20            <action android:name="android.intent.action.GET_CONTENT" />
20-->[:file_picker] AndroidManifest.xml:13:13-72
20-->[:file_picker] AndroidManifest.xml:13:21-69
21
22            <data android:mimeType="*/*" />
22-->[:file_picker] AndroidManifest.xml:15:13-44
22-->[:file_picker] AndroidManifest.xml:15:19-41
23        </intent>
24    </queries>
25
26    <uses-permission android:name="android.permission.ACCESS_NETWORK_STATE" />
26-->[com.google.firebase:firebase-auth:21.1.0] AndroidManifest.xml:24:5-79
26-->[com.google.firebase:firebase-auth:21.1.0] AndroidManifest.xml:24:22-76
27
28    <application
29        android:name="android.app.Application"
30        android:appComponentFactory="androidx.core.app.CoreComponentFactory"
30-->[androidx.core:core:1.8.0] AndroidManifest.xml:24:18-86
31        android:debuggable="true"
32        android:icon="@mipmap/ic_launcher"
33        android:label="testing" >
34        <activity
35            android:name="com.example.testing.MainActivity"
36            android:configChanges="orientation|keyboardHidden|keyboard|screenSize|smallestScreenSize|locale|layoutDirection|fontScale|screenLayout|density|uiMode"
37            android:exported="true"
38            android:hardwareAccelerated="true"
39            android:launchMode="singleTop"
40            android:theme="@style/LaunchTheme"
41            android:windowSoftInputMode="adjustResize" >
42
43            <!--
44                 Specifies an Android theme to apply to this Activity as soon as
45                 the Android process has started. This theme is visible to the user
46                 while the Flutter UI initializes. After that, this theme continues
47                 to determine the Window background behind the Flutter UI.
48            -->
49            <meta-data
50                android:name="io.flutter.embedding.android.NormalTheme"
51                android:resource="@style/NormalTheme" />
52
53            <intent-filter>
54                <action android:name="android.intent.action.MAIN" />
55
56                <category android:name="android.intent.category.LAUNCHER" />
57            </intent-filter>
58        </activity>
59        <!--
60             Don't delete the meta-data below.
61             This is used by the Flutter tool to generate GeneratedPluginRegistrant.java
62        -->
63        <meta-data
64            android:name="flutterEmbedding"
65            android:value="2" />
66
67        <service
67-->[:firebase_auth] AndroidManifest.xml:10:9-14:19
68            android:name="com.google.firebase.components.ComponentDiscoveryService"
68-->[:firebase_auth] AndroidManifest.xml:10:18-89
69            android:directBootAware="true"
69-->[com.google.firebase:firebase-common:20.2.0] AndroidManifest.xml:34:13-43
70            android:exported="false" >
70-->[com.google.firebase:firebase-auth:21.1.0] AndroidManifest.xml:66:13-37
71            <meta-data
71-->[:firebase_auth] AndroidManifest.xml:11:13-13:85
72                android:name="com.google.firebase.components:io.flutter.plugins.firebase.auth.FlutterFirebaseAuthRegistrar"
72-->[:firebase_auth] AndroidManifest.xml:12:17-124
73                android:value="com.google.firebase.components.ComponentRegistrar" />
73-->[:firebase_auth] AndroidManifest.xml:13:17-82
74            <meta-data
74-->[:cloud_firestore] AndroidManifest.xml:11:13-13:85
75                android:name="com.google.firebase.components:io.flutter.plugins.firebase.firestore.FlutterFirebaseFirestoreRegistrar"
75-->[:cloud_firestore] AndroidManifest.xml:12:17-134
76                android:value="com.google.firebase.components.ComponentRegistrar" />
76-->[:cloud_firestore] AndroidManifest.xml:13:17-82
77            <meta-data
77-->[:firebase_core] AndroidManifest.xml:11:13-13:85
78                android:name="com.google.firebase.components:io.flutter.plugins.firebase.core.FlutterFirebaseCoreRegistrar"
78-->[:firebase_core] AndroidManifest.xml:12:17-124
79                android:value="com.google.firebase.components.ComponentRegistrar" />
79-->[:firebase_core] AndroidManifest.xml:13:17-82
80            <meta-data
80-->[com.google.firebase:firebase-auth:21.1.0] AndroidManifest.xml:67:13-69:85
81                android:name="com.google.firebase.components:com.google.firebase.auth.FirebaseAuthRegistrar"
81-->[com.google.firebase:firebase-auth:21.1.0] AndroidManifest.xml:68:17-109
82                android:value="com.google.firebase.components.ComponentRegistrar" />
82-->[com.google.firebase:firebase-auth:21.1.0] AndroidManifest.xml:69:17-82
83            <meta-data
83-->[com.google.firebase:firebase-firestore:24.4.0] AndroidManifest.xml:19:13-21:85
84                android:name="com.google.firebase.components:com.google.firebase.firestore.FirestoreRegistrar"
84-->[com.google.firebase:firebase-firestore:24.4.0] AndroidManifest.xml:20:17-111
85                android:value="com.google.firebase.components.ComponentRegistrar" />
85-->[com.google.firebase:firebase-firestore:24.4.0] AndroidManifest.xml:21:17-82
86        </service>
87
88        <provider
88-->[:image_picker_android] AndroidManifest.xml:10:9-18:20
89            android:name="io.flutter.plugins.imagepicker.ImagePickerFileProvider"
89-->[:image_picker_android] AndroidManifest.xml:11:13-82
90            android:authorities="com.beya.testing.flutter.image_provider"
90-->[:image_picker_android] AndroidManifest.xml:12:13-74
91            android:exported="false"
91-->[:image_picker_android] AndroidManifest.xml:13:13-37
92            android:grantUriPermissions="true" >
92-->[:image_picker_android] AndroidManifest.xml:14:13-47
93            <meta-data
93-->[:image_picker_android] AndroidManifest.xml:15:13-17:75
94                android:name="android.support.FILE_PROVIDER_PATHS"
94-->[:image_picker_android] AndroidManifest.xml:16:17-67
95                android:resource="@xml/flutter_image_picker_file_paths" />
95-->[:image_picker_android] AndroidManifest.xml:17:17-72
96        </provider>
97
98        <uses-library
98-->[androidx.window:window:1.0.0-beta04] AndroidManifest.xml:25:9-27:40
99            android:name="androidx.window.extensions"
99-->[androidx.window:window:1.0.0-beta04] AndroidManifest.xml:26:13-54
100            android:required="false" />
100-->[androidx.window:window:1.0.0-beta04] AndroidManifest.xml:27:13-37
101        <uses-library
101-->[androidx.window:window:1.0.0-beta04] AndroidManifest.xml:28:9-30:40
102            android:name="androidx.window.sidecar"
102-->[androidx.window:window:1.0.0-beta04] AndroidManifest.xml:29:13-51
103            android:required="false" />
103-->[androidx.window:window:1.0.0-beta04] AndroidManifest.xml:30:13-37
104
105        <activity
105-->[com.google.firebase:firebase-auth:21.1.0] AndroidManifest.xml:27:9-44:20
106            android:name="com.google.firebase.auth.internal.GenericIdpActivity"
106-->[com.google.firebase:firebase-auth:21.1.0] AndroidManifest.xml:28:13-80
107            android:excludeFromRecents="true"
107-->[com.google.firebase:firebase-auth:21.1.0] AndroidManifest.xml:29:13-46
108            android:exported="true"
108-->[com.google.firebase:firebase-auth:21.1.0] AndroidManifest.xml:30:13-36
109            android:launchMode="singleTask"
109-->[com.google.firebase:firebase-auth:21.1.0] AndroidManifest.xml:31:13-44
110            android:theme="@android:style/Theme.Translucent.NoTitleBar" >
110-->[com.google.firebase:firebase-auth:21.1.0] AndroidManifest.xml:32:13-72
111            <intent-filter>
111-->[com.google.firebase:firebase-auth:21.1.0] AndroidManifest.xml:33:13-43:29
112                <action android:name="android.intent.action.VIEW" />
112-->[com.google.firebase:firebase-auth:21.1.0] AndroidManifest.xml:34:17-69
112-->[com.google.firebase:firebase-auth:21.1.0] AndroidManifest.xml:34:25-66
113
114                <category android:name="android.intent.category.DEFAULT" />
114-->[com.google.firebase:firebase-auth:21.1.0] AndroidManifest.xml:36:17-76
114-->[com.google.firebase:firebase-auth:21.1.0] AndroidManifest.xml:36:27-73
115                <category android:name="android.intent.category.BROWSABLE" />
115-->[com.google.firebase:firebase-auth:21.1.0] AndroidManifest.xml:37:17-78
115-->[com.google.firebase:firebase-auth:21.1.0] AndroidManifest.xml:37:27-75
116
117                <data
117-->[:file_picker] AndroidManifest.xml:15:13-44
118                    android:host="firebase.auth"
119                    android:path="/"
120                    android:scheme="genericidp" />
121            </intent-filter>
122        </activity>
123        <activity
123-->[com.google.firebase:firebase-auth:21.1.0] AndroidManifest.xml:45:9-62:20
124            android:name="com.google.firebase.auth.internal.RecaptchaActivity"
124-->[com.google.firebase:firebase-auth:21.1.0] AndroidManifest.xml:46:13-79
125            android:excludeFromRecents="true"
125-->[com.google.firebase:firebase-auth:21.1.0] AndroidManifest.xml:47:13-46
126            android:exported="true"
126-->[com.google.firebase:firebase-auth:21.1.0] AndroidManifest.xml:48:13-36
127            android:launchMode="singleTask"
127-->[com.google.firebase:firebase-auth:21.1.0] AndroidManifest.xml:49:13-44
128            android:theme="@android:style/Theme.Translucent.NoTitleBar" >
128-->[com.google.firebase:firebase-auth:21.1.0] AndroidManifest.xml:50:13-72
129            <intent-filter>
129-->[com.google.firebase:firebase-auth:21.1.0] AndroidManifest.xml:51:13-61:29
130                <action android:name="android.intent.action.VIEW" />
130-->[com.google.firebase:firebase-auth:21.1.0] AndroidManifest.xml:34:17-69
130-->[com.google.firebase:firebase-auth:21.1.0] AndroidManifest.xml:34:25-66
131
132                <category android:name="android.intent.category.DEFAULT" />
132-->[com.google.firebase:firebase-auth:21.1.0] AndroidManifest.xml:36:17-76
132-->[com.google.firebase:firebase-auth:21.1.0] AndroidManifest.xml:36:27-73
133                <category android:name="android.intent.category.BROWSABLE" />
133-->[com.google.firebase:firebase-auth:21.1.0] AndroidManifest.xml:37:17-78
133-->[com.google.firebase:firebase-auth:21.1.0] AndroidManifest.xml:37:27-75
134
135                <data
135-->[:file_picker] AndroidManifest.xml:15:13-44
136                    android:host="firebase.auth"
137                    android:path="/"
138                    android:scheme="recaptcha" />
139            </intent-filter>
140        </activity>
141
142        <provider
142-->[com.google.firebase:firebase-common:20.2.0] AndroidManifest.xml:25:9-30:39
143            android:name="com.google.firebase.provider.FirebaseInitProvider"
143-->[com.google.firebase:firebase-common:20.2.0] AndroidManifest.xml:26:13-77
144            android:authorities="com.beya.testing.firebaseinitprovider"
144-->[com.google.firebase:firebase-common:20.2.0] AndroidManifest.xml:27:13-72
145            android:directBootAware="true"
145-->[com.google.firebase:firebase-common:20.2.0] AndroidManifest.xml:28:13-43
146            android:exported="false"
146-->[com.google.firebase:firebase-common:20.2.0] AndroidManifest.xml:29:13-37
147            android:initOrder="100" />
147-->[com.google.firebase:firebase-common:20.2.0] AndroidManifest.xml:30:13-36
148
149        <activity
149-->[com.google.android.gms:play-services-base:18.0.1] AndroidManifest.xml:20:9-22:45
150            android:name="com.google.android.gms.common.api.GoogleApiActivity"
150-->[com.google.android.gms:play-services-base:18.0.1] AndroidManifest.xml:20:19-85
151            android:exported="false"
151-->[com.google.android.gms:play-services-base:18.0.1] AndroidManifest.xml:22:19-43
152            android:theme="@android:style/Theme.Translucent.NoTitleBar" />
152-->[com.google.android.gms:play-services-base:18.0.1] AndroidManifest.xml:21:19-78
153
154        <meta-data
154-->[com.google.android.gms:play-services-basement:18.1.0] AndroidManifest.xml:21:9-23:69
155            android:name="com.google.android.gms.version"
155-->[com.google.android.gms:play-services-basement:18.1.0] AndroidManifest.xml:22:13-58
156            android:value="@integer/google_play_services_version" />
156-->[com.google.android.gms:play-services-basement:18.1.0] AndroidManifest.xml:23:13-66
157    </application>
158
159</manifest>